<?xml version="1.0" encoding="UTF-8"?>
<!-- Generated by org.testng.reporters.JUnitReportReporter -->
<testsuite hostname="August" failures="0" tests="1" name="testCases.AccountRegistrationTest" time="3.878" errors="0" timestamp="2025-01-29T21:44:48 IST" skipped="0">
  <testcase classname="testCases.AccountRegistrationTest" name="AccountRegistration" time="3.878"/>
</testsuite> <!-- testCases.AccountRegistrationTest -->
