<?xml version="1.0" encoding="UTF-8"?>
<!-- Generated by org.testng.reporters.JUnitReportReporter -->
<testsuite hostname="August" failures="0" tests="1" name="testCases.LoginTest" time="2.924" errors="0" timestamp="2025-01-29T21:44:48 IST" skipped="0">
  <testcase classname="testCases.LoginTest" name="logintest" time="2.924"/>
</testsuite> <!-- testCases.LoginTest -->
